# JRE version: Java(TM) SE Runtime Environment (8.0_92-b14) (build 1.8.0_92-b14)
# Java VM: Java HotSpot(TM) 64-Bit Server VM (25.92-b14 mixed mode windows-amd64 compressed oops)
Heap:
 PSYoungGen      total 339968K, used 270268K [0x00000000eb200000, 0x0000000100000000, 0x0000000100000000)
  eden space 337920K, 79% used [0x00000000eb200000,0x00000000fb9ef020,0x00000000ffc00000)
  from space 2048K, 0% used [0x00000000ffc00000,0x00000000ffc00000,0x00000000ffe00000)
  to   space 2048K, 0% used [0x00000000ffe00000,0x00000000ffe00000,0x0000000100000000)
 ParOldGen       total 44032K, used 8003K [0x00000000c1600000, 0x00000000c4100000, 0x00000000eb200000)
  object space 44032K, 18% used [0x00000000c1600000,0x00000000c1dd0c80,0x00000000c4100000)
 Metaspace       used 9131K, capacity 9344K, committed 9600K, reserved 1058816K
  class space    used 1072K, capacity 1129K, committed 1152K, reserved 1048576K
GC Heap History (10 events):
Event: 0.527 GC heap before
{Heap before GC invocations=7 (full 0):
 PSYoungGen      total 132608K, used 132080K [0x00000000eb200000, 0x00000000f3500000, 0x0000000100000000)
  eden space 131072K, 100% used [0x00000000eb200000,0x00000000f3200000,0x00000000f3200000)
  from space 1536K, 65% used [0x00000000f3380000,0x00000000f347c010,0x00000000f3500000)
  to   space 1536K, 0% used [0x00000000f3200000,0x00000000f3200000,0x00000000f3380000)
 ParOldGen       total 44032K, used 6991K [0x00000000c1600000, 0x00000000c4100000, 0x00000000eb200000)
  object space 44032K, 15% used [0x00000000c1600000,0x00000000c1cd3c20,0x00000000c4100000)
 Metaspace       used 6854K, capacity 7046K, committed 7296K, reserved 1056768K
  class space    used 788K, capacity 836K, committed 896K, reserved 1048576K
Event: 0.532 GC heap after
Heap after GC invocations=7 (full 0):
 PSYoungGen      total 132608K, used 0K [0x00000000eb200000, 0x00000000fb500000, 0x0000000100000000)
  eden space 131072K, 0% used [0x00000000eb200000,0x00000000eb200000,0x00000000f3200000)
  from space 1536K, 0% used [0x00000000f3200000,0x00000000f3200000,0x00000000f3380000)
  to   space 1536K, 0% used [0x00000000fb380000,0x00000000fb380000,0x00000000fb500000)
 ParOldGen       total 44032K, used 8003K [0x00000000c1600000, 0x00000000c4100000, 0x00000000eb200000)
  object space 44032K, 18% used [0x00000000c1600000,0x00000000c1dd0c80,0x00000000c4100000)
 Metaspace       used 6854K, capacity 7046K, committed 7296K, reserved 1056768K
  class space    used 788K, capacity 836K, committed 896K, reserved 1048576K
}
Event: 0.568 GC heap before
{Heap before GC invocations=8 (full 0):
 PSYoungGen      total 132608K, used 131072K [0x00000000eb200000, 0x00000000fb500000, 0x0000000100000000)
  eden space 131072K, 100% used [0x00000000eb200000,0x00000000f3200000,0x00000000f3200000)
  from space 1536K, 0% used [0x00000000f3200000,0x00000000f3200000,0x00000000f3380000)
  to   space 1536K, 0% used [0x00000000fb380000,0x00000000fb380000,0x00000000fb500000)
 ParOldGen       total 44032K, used 8003K [0x00000000c1600000, 0x00000000c4100000, 0x00000000eb200000)
  object space 44032K, 18% used [0x00000000c1600000,0x00000000c1dd0c80,0x00000000c4100000)
 Metaspace       used 6854K, capacity 7046K, committed 7296K, reserved 1056768K
  class space    used 788K, capacity 836K, committed 896K, reserved 1048576K
Event: 0.569 GC heap after
Heap after GC invocations=8 (full 0):
 PSYoungGen      total 263680K, used 0K [0x00000000eb200000, 0x00000000fb500000, 0x0000000100000000)
  eden space 262144K, 0% used [0x00000000eb200000,0x00000000eb200000,0x00000000fb200000)
  from space 1536K, 0% used [0x00000000fb380000,0x00000000fb380000,0x00000000fb500000)
  to   space 1536K, 0% used [0x00000000fb200000,0x00000000fb200000,0x00000000fb380000)
 ParOldGen       total 44032K, used 8003K [0x00000000c1600000, 0x00000000c4100000, 0x00000000eb200000)
  object space 44032K, 18% used [0x00000000c1600000,0x00000000c1dd0c80,0x00000000c4100000)
 Metaspace       used 6854K, capacity 7046K, committed 7296K, reserved 1056768K
  class space    used 788K, capacity 836K, committed 896K, reserved 1048576K
}
Event: 0.692 GC heap before
{Heap before GC invocations=9 (full 0):
 PSYoungGen      total 263680K, used 262144K [0x00000000eb200000, 0x00000000fb500000, 0x0000000100000000)
  eden space 262144K, 100% used [0x00000000eb200000,0x00000000fb200000,0x00000000fb200000)
  from space 1536K, 0% used [0x00000000fb380000,0x00000000fb380000,0x00000000fb500000)
  to   space 1536K, 0% used [0x00000000fb200000,0x00000000fb200000,0x00000000fb380000)
 ParOldGen       total 44032K, used 8003K [0x00000000c1600000, 0x00000000c4100000, 0x00000000eb200000)
  object space 44032K, 18% used [0x00000000c1600000,0x00000000c1dd0c80,0x00000000c4100000)
 Metaspace       used 6854K, capacity 7046K, committed 7296K, reserved 1056768K
  class space    used 788K, capacity 836K, committed 896K, reserved 1048576K
Event: 0.693 GC heap after
Heap after GC invocations=9 (full 0):
 PSYoungGen      total 263680K, used 0K [0x00000000eb200000, 0x0000000100000000, 0x0000000100000000)
  eden space 262144K, 0% used [0x00000000eb200000,0x00000000eb200000,0x00000000fb200000)
  from space 1536K, 0% used [0x00000000fb200000,0x00000000fb200000,0x00000000fb380000)
  to   space 2048K, 0% used [0x00000000ffe00000,0x00000000ffe00000,0x0000000100000000)
 ParOldGen       total 44032K, used 8003K [0x00000000c1600000, 0x00000000c4100000, 0x00000000eb200000)
  object space 44032K, 18% used [0x00000000c1600000,0x00000000c1dd0c80,0x00000000c4100000)
 Metaspace       used 6854K, capacity 7046K, committed 7296K, reserved 1056768K
  class space    used 788K, capacity 836K, committed 896K, reserved 1048576K
}
Event: 0.758 GC heap before
{Heap before GC invocations=10 (full 0):
 PSYoungGen      total 263680K, used 262144K [0x00000000eb200000, 0x0000000100000000, 0x0000000100000000)
  eden space 262144K, 100% used [0x00000000eb200000,0x00000000fb200000,0x00000000fb200000)
  from space 1536K, 0% used [0x00000000fb200000,0x00000000fb200000,0x00000000fb380000)
  to   space 2048K, 0% used [0x00000000ffe00000,0x00000000ffe00000,0x0000000100000000)
 ParOldGen       total 44032K, used 8003K [0x00000000c1600000, 0x00000000c4100000, 0x00000000eb200000)
  object space 44032K, 18% used [0x00000000c1600000,0x00000000c1dd0c80,0x00000000c4100000)
 Metaspace       used 6854K, capacity 7046K, committed 7296K, reserved 1056768K
  class space    used 788K, capacity 836K, committed 896K, reserved 1048576K
Event: 0.759 GC heap after
Heap after GC invocations=10 (full 0):
 PSYoungGen      total 339968K, used 0K [0x00000000eb200000, 0x0000000100000000, 0x0000000100000000)
  eden space 337920K, 0% used [0x00000000eb200000,0x00000000eb200000,0x00000000ffc00000)
  from space 2048K, 0% used [0x00000000ffe00000,0x00000000ffe00000,0x0000000100000000)
  to   space 2048K, 0% used [0x00000000ffc00000,0x00000000ffc00000,0x00000000ffe00000)
 ParOldGen       total 44032K, used 8003K [0x00000000c1600000, 0x00000000c4100000, 0x00000000eb200000)
  object space 44032K, 18% used [0x00000000c1600000,0x00000000c1dd0c80,0x00000000c4100000)
 Metaspace       used 6854K, capacity 7046K, committed 7296K, reserved 1056768K
  class space    used 788K, capacity 836K, committed 896K, reserved 1048576K
}
Event: 0.889 GC heap before
{Heap before GC invocations=11 (full 0):
 PSYoungGen      total 339968K, used 337920K [0x00000000eb200000, 0x0000000100000000, 0x0000000100000000)
  eden space 337920K, 100% used [0x00000000eb200000,0x00000000ffc00000,0x00000000ffc00000)
  from space 2048K, 0% used [0x00000000ffe00000,0x00000000ffe00000,0x0000000100000000)
  to   space 2048K, 0% used [0x00000000ffc00000,0x00000000ffc00000,0x00000000ffe00000)
 ParOldGen       total 44032K, used 8003K [0x00000000c1600000, 0x00000000c4100000, 0x00000000eb200000)
  object space 44032K, 18% used [0x00000000c1600000,0x00000000c1dd0c80,0x00000000c4100000)
 Metaspace       used 6854K, capacity 7046K, committed 7296K, reserved 1056768K
  class space    used 788K, capacity 836K, committed 896K, reserved 1048576K
Event: 0.889 GC heap after
Heap after GC invocations=11 (full 0):
 PSYoungGen      total 339968K, used 0K [0x00000000eb200000, 0x0000000100000000, 0x0000000100000000)
  eden space 337920K, 0% used [0x00000000eb200000,0x00000000eb200000,0x00000000ffc00000)
  from space 2048K, 0% used [0x00000000ffc00000,0x00000000ffc00000,0x00000000ffe00000)
  to   space 2048K, 0% used [0x00000000ffe00000,0x00000000ffe00000,0x0000000100000000)
 ParOldGen       total 44032K, used 8003K [0x00000000c1600000, 0x00000000c4100000, 0x00000000eb200000)
  object space 44032K, 18% used [0x00000000c1600000,0x00000000c1dd0c80,0x00000000c4100000)
 Metaspace       used 6854K, capacity 7046K, committed 7296K, reserved 1056768K
  class space    used 788K, capacity 836K, committed 896K, reserved 1048576K
}

